Removed Pin From Net: NetName=GND Pin=CN1-1
Removed Pin From Net: NetName=GND Pin=CN1-2
Removed Pin From Net: NetName=RX1_P Pin=CN2-1
Removed Pin From Net: NetName=RX1_N Pin=CN2-2
Removed Pin From Net: NetName=RX2_P Pin=CN3-1
Removed Pin From Net: NetName=RX2_N Pin=CN3-2
Removed Pin From Net: NetName=RX3_P Pin=CN4-1
Removed Pin From Net: NetName=RX3_N Pin=CN4-2
Removed Pin From Net: NetName=RX4_P Pin=CN5-1
Removed Pin From Net: NetName=RX4_N Pin=CN5-2
Removed Pin From Net: NetName=RX5_P Pin=CN6-1
Removed Pin From Net: NetName=RX5_N Pin=CN6-2
Removed Pin From Net: NetName=RX6_P Pin=CN7-1
Removed Pin From Net: NetName=RX6_N Pin=CN7-2
Removed Pin From Net: NetName=RX7_P Pin=CN8-1
Removed Pin From Net: NetName=RX7_N Pin=CN8-2
Removed Pin From Net: NetName=RX8_P Pin=CN9-1
Removed Pin From Net: NetName=RX8_N Pin=CN9-2
Removed Pin From Net: NetName=GND Pin=CN10-1
Removed Pin From Net: NetName=GND Pin=CN10-2
Removed Pin From Net: NetName=GND Pin=CN11-1
Removed Pin From Net: NetName=GND Pin=CN11-2
Removed Pin From Net: NetName=RX9_P Pin=CN12-1
Removed Pin From Net: NetName=RX9_N Pin=CN12-2
Removed Pin From Net: NetName=RX10_P Pin=CN13-1
Removed Pin From Net: NetName=RX10_N Pin=CN13-2
Removed Pin From Net: NetName=RX11_P Pin=CN14-1
Removed Pin From Net: NetName=RX11_N Pin=CN14-2
Removed Pin From Net: NetName=RX12_P Pin=CN15-1
Removed Pin From Net: NetName=RX12_N Pin=CN15-2
Removed Pin From Net: NetName=RX13_P Pin=CN16-1
Removed Pin From Net: NetName=RX13_N Pin=CN16-2
Removed Pin From Net: NetName=RX14_P Pin=CN17-1
Removed Pin From Net: NetName=RX14_N Pin=CN17-2
Removed Pin From Net: NetName=RX15_P Pin=CN18-1
Removed Pin From Net: NetName=RX15_N Pin=CN18-2
Removed Pin From Net: NetName=RX16_P Pin=CN19-1
Removed Pin From Net: NetName=RX16_N Pin=CN19-2
Removed Pin From Net: NetName=GND Pin=CN20-1
Removed Pin From Net: NetName=GND Pin=CN20-2
Removed Pin From Net: NetName=GND Pin=CN22-1
Removed Pin From Net: NetName=GND Pin=CN22-2
Removed Pin From Net: NetName=TX1_P Pin=CN23-1
Removed Pin From Net: NetName=TX1_N Pin=CN23-2
Removed Pin From Net: NetName=TX2_P Pin=CN24-1
Removed Pin From Net: NetName=TX2_N Pin=CN24-2
Removed Pin From Net: NetName=TX3_P Pin=CN25-1
Removed Pin From Net: NetName=TX3_N Pin=CN25-2
Removed Pin From Net: NetName=TX4_P Pin=CN26-1
Removed Pin From Net: NetName=TX4_N Pin=CN26-2
Removed Pin From Net: NetName=TX5_P Pin=CN27-1
Removed Pin From Net: NetName=TX5_N Pin=CN27-2
Removed Pin From Net: NetName=TX6_P Pin=CN28-1
Removed Pin From Net: NetName=TX6_N Pin=CN28-2
Removed Pin From Net: NetName=TX7_P Pin=CN29-1
Removed Pin From Net: NetName=TX7_N Pin=CN29-2
Removed Pin From Net: NetName=TX8_P Pin=CN30-1
Removed Pin From Net: NetName=TX8_N Pin=CN30-2
Removed Pin From Net: NetName=GND Pin=CN31-1
Removed Pin From Net: NetName=GND Pin=CN31-2
Removed Pin From Net: NetName=GND Pin=CN32-1
Removed Pin From Net: NetName=GND Pin=CN32-2
Removed Pin From Net: NetName=TX9_P Pin=CN33-1
Removed Pin From Net: NetName=TX9_N Pin=CN33-2
Removed Pin From Net: NetName=TX10_P Pin=CN34-1
Removed Pin From Net: NetName=TX10_N Pin=CN34-2
Removed Pin From Net: NetName=TX11_P Pin=CN35-1
Removed Pin From Net: NetName=TX11_N Pin=CN35-2
Removed Pin From Net: NetName=TX12_P Pin=CN36-1
Removed Pin From Net: NetName=TX12_N Pin=CN36-2
Removed Pin From Net: NetName=TX13_P Pin=CN37-1
Removed Pin From Net: NetName=TX13_N Pin=CN37-2
Removed Pin From Net: NetName=TX14_P Pin=CN38-1
Removed Pin From Net: NetName=TX14_N Pin=CN38-2
Removed Pin From Net: NetName=TX15_P Pin=CN39-1
Removed Pin From Net: NetName=TX15_N Pin=CN39-2
Removed Pin From Net: NetName=TX16_P Pin=CN40-1
Removed Pin From Net: NetName=TX16_N Pin=CN40-2
Removed Pin From Net: NetName=GND Pin=CN41-1
Removed Pin From Net: NetName=GND Pin=CN41-2
