15:37:13 **** Incremental Build of configuration Nios II for project Simucam_R0_UART ****
make all 
Info: Building ../Simucam_R0_UART_bsp/
C:/intelFPGA_lite/18.0/nios2eds/bin/gnu/H-x86_64-mingw32/bin/make --no-print-directory -C ../Simucam_R0_UART_bsp/
[BSP build complete]
Info: Compiling utils/meb.c to obj/default/utils/meb.o
nios2-elf-gcc -xc -MP -MMD -c -I../Simucam_R0_UART_bsp//UCOSII/inc -I../Simucam_R0_UART_bsp//HAL/inc -I../Simucam_R0_UART_bsp/ -I../Simucam_R0_UART_bsp//drivers/inc  -pipe -D__hal__ -DALT_NO_C_PLUS_PLUS -DALT_NO_INSTRUCTION_EMULATION -D__ucosii__    -O1  -Wall   -mhw-div -mhw-mul -mhw-mulx -mgpopt=global  -o obj/default/utils/meb.o utils/meb.c
utils/meb.c: In function 'vSyncReset':
utils/meb.c:150:9: warning: implicit declaration of function 'vSendCmdQToNFeeCTRL_PRIO' [-Wimplicit-function-declaration]
         vSendCmdQToNFeeCTRL_PRIO(M_FEE_STANDBY, 0, 0); /* TODO verif usage */
         ^
Info: Linking Simucam_R0_UART.elf
nios2-elf-g++  -T'../Simucam_R0_UART_bsp//linker.x' -msys-crt0='../Simucam_R0_UART_bsp//obj/HAL/src/crt0.o' -msys-lib=ucosii_bsp -L../Simucam_R0_UART_bsp/   -Wl,-Map=Simucam_R0_UART.map   -O1  -Wall   -mhw-div -mhw-mul -mhw-mulx -mgpopt=global  -o Simucam_R0_UART.elf obj/default/api_driver/ddr2/ddr2.o obj/default/api_driver/dma/dma.o obj/default/api_driver/sense/sense.o obj/default/api_driver/simucam_dma/simucam_dma.o obj/default/driver/comm/comm_channel.o obj/default/driver/comm/data_packet/data_packet.o obj/default/driver/comm/fee_buffers/fee_buffers.o obj/default/driver/comm/rmap/rmap.o obj/default/driver/comm/spw_controller/spw_controller.o obj/default/driver/ctrl_io_lvds/ctrl_io_lvds.o obj/default/driver/i2c/i2c.o obj/default/driver/leds/leds.o obj/default/driver/msgdma/msgdma.o obj/default/driver/power_spi/power_spi.o obj/default/driver/reset/reset.o obj/default/driver/rtcc_spi/rtcc_spi.o obj/default/driver/seven_seg/seven_seg.o obj/default/driver/sync/sync.o obj/default/rtos/data_control_task.o obj/default/rtos/fee_task.o obj/default/rtos/in_ack_handler_task.o obj/default/rtos/initialization_task.o obj/default/rtos/nfee_control_task.o obj/default/rtos/out_ack_handler_task.o obj/default/rtos/parser_comm_task.o obj/default/rtos/receiver_uart_task.o obj/default/rtos/sender_com_task.o obj/default/rtos/sim_meb_task.o obj/default/rtos/stack_monitor_task.o obj/default/rtos/sync_reset_task.o obj/default/rtos/timeout_checker_ack_task.o obj/default/simucam_main.o obj/default/utils/ccd.o obj/default/utils/communication_utils.o obj/default/utils/configs_bind_channel_FEEinst.o obj/default/utils/configs_simucam.o obj/default/utils/crc8.o obj/default/utils/data_controller.o obj/default/utils/error_handler_simucam.o obj/default/utils/events_handler.o obj/default/utils/fee.o obj/default/utils/fee_controller.o obj/default/utils/initialization_simucam.o obj/default/utils/log_manager_simucam.o obj/default/utils/meb.o obj/default/utils/pattern.o obj/default/utils/sdcard_file_manager.o obj/default/utils/sync_handler.o obj/default/utils/test_module_simucam.o obj/default/utils/util.o -lm -msys-lib=m
nios2-elf-insert Simucam_R0_UART.elf --thread_model ucosii --cpu_name nios2_gen2_0 --qsys true --simulation_enabled false --id 113 --sidp 0x81202080 --timestamp 1559240338 --stderr_dev jtag_uart_0 --stdin_dev rs232_uart --stdout_dev rs232_uart --sopc_system_name MebX_Qsys_Project --quartus_project_dir "C:/git/SimuCam_Development/G3U_HW_V02_2GB/Qsys_Project" --sopcinfo C:/git/SimuCam_Development/G3U_HW_V02_2GB/Qsys_Project/software/Simucam_R0_UART_bsp/../../MebX_Qsys_Project.sopcinfo
Info: (Simucam_R0_UART.elf) 374 KBytes program size (code + initialized data).
Info:                       521 KBytes free for stack + heap.
Info: Creating Simucam_R0_UART.objdump
nios2-elf-objdump --disassemble --syms --all-header --source Simucam_R0_UART.elf >Simucam_R0_UART.objdump
[Simucam_R0_UART build complete]

15:37:16 Build Finished (took 3s.146ms)

