Assembler report for MebX_Quartus_Project_DE4_530
Fri Feb 07 01:46:59 2020
Quartus Prime Version 18.1.0 Build 625 09/12/2018 SJ Standard Edition


---------------------
; Table of Contents ;
---------------------
  1. Legal Notice
  2. Assembler Summary
  3. Assembler Settings
  4. Assembler Encrypted IP Cores Summary
  5. Assembler Generated Files
  6. Assembler Device Options: C:/Users/rfranca/Development/GitHub/SimuCam_Development/G3U_HW_V02_2GB/Quartus_Project/output_files/MebX_Quartus_Project_DE4_530.sof
  7. Assembler Messages



----------------
; Legal Notice ;
----------------
Copyright (C) 2018  Intel Corporation. All rights reserved.
Your use of Intel Corporation's design tools, logic functions 
and other software and tools, and its AMPP partner logic 
functions, and any output files from any of the foregoing 
(including device programming or simulation files), and any 
associated documentation or information are expressly subject 
to the terms and conditions of the Intel Program License 
Subscription Agreement, the Intel Quartus Prime License Agreement,
the Intel FPGA IP License Agreement, or other applicable license
agreement, including, without limitation, that your use is for
the sole purpose of programming logic devices manufactured by
Intel and sold by Intel or its authorized distributors.  Please
refer to the applicable agreement for further details.



+---------------------------------------------------------------+
; Assembler Summary                                             ;
+-----------------------+---------------------------------------+
; Assembler Status      ; Successful - Fri Feb 07 01:46:59 2020 ;
; Revision Name         ; MebX_Quartus_Project_DE4_530          ;
; Top-level Entity Name ; MebX_TopLevel                         ;
; Family                ; Stratix IV                            ;
; Device                ; EP4SGX530KH40C2                       ;
+-----------------------+---------------------------------------+


+----------------------------------+
; Assembler Settings               ;
+--------+---------+---------------+
; Option ; Setting ; Default Value ;
+--------+---------+---------------+


+-------------------------------------------------------+
; Assembler Encrypted IP Cores Summary                  ;
+--------+-------------------------------+--------------+
; Vendor ; IP Core Name                  ; License Type ;
+--------+-------------------------------+--------------+
; Altera ; Nios II Processor (6AF7 00A2) ; Licensed     ;
; Altera ; Signal Tap (6AF7 BCE1)        ; Licensed     ;
; Altera ; Signal Tap (6AF7 BCEC)        ; Licensed     ;
+--------+-------------------------------+--------------+


+--------------------------------------------------------------------------------------------------------------------------------------+
; Assembler Generated Files                                                                                                            ;
+--------------------------------------------------------------------------------------------------------------------------------------+
; File Name                                                                                                                            ;
+--------------------------------------------------------------------------------------------------------------------------------------+
; C:/Users/rfranca/Development/GitHub/SimuCam_Development/G3U_HW_V02_2GB/Quartus_Project/output_files/MebX_Quartus_Project_DE4_530.sof ;
+--------------------------------------------------------------------------------------------------------------------------------------+


+----------------------------------------------------------------------------------------------------------------------------------------------------------------+
; Assembler Device Options: C:/Users/rfranca/Development/GitHub/SimuCam_Development/G3U_HW_V02_2GB/Quartus_Project/output_files/MebX_Quartus_Project_DE4_530.sof ;
+----------------+-----------------------------------------------------------------------------------------------------------------------------------------------+
; Option         ; Setting                                                                                                                                       ;
+----------------+-----------------------------------------------------------------------------------------------------------------------------------------------+
; JTAG usercode  ; 0x1DAE9ABD                                                                                                                                    ;
; Checksum       ; 0x1DAE9ABD                                                                                                                                    ;
+----------------+-----------------------------------------------------------------------------------------------------------------------------------------------+


+--------------------+
; Assembler Messages ;
+--------------------+
Info: *******************************************************************
Info: Running Quartus Prime Assembler
    Info: Version 18.1.0 Build 625 09/12/2018 SJ Standard Edition
    Info: Processing started: Fri Feb 07 01:45:23 2020
Info: Command: quartus_asm --read_settings_files=off --write_settings_files=off MebX_Quartus_Project -c MebX_Quartus_Project_DE4_530
Info (115031): Writing out detailed assembly data for power analysis
Info (115030): Assembler is generating device programming files
Info: Quartus Prime Assembler was successful. 0 errors, 0 warnings
    Info: Peak virtual memory: 2171 megabytes
    Info: Processing ended: Fri Feb 07 01:47:02 2020
    Info: Elapsed time: 00:01:39
    Info: Total CPU time (on all processors): 00:01:37


