Flow report for MebX_Quartus_Project_DE4_530
Fri Apr 03 20:54:06 2020
Quartus Prime Version 18.1.0 Build 625 09/12/2018 SJ Standard Edition


---------------------
; Table of Contents ;
---------------------
  1. Legal Notice
  2. Flow Summary
  3. Flow Settings
  4. Flow Non-Default Global Settings
  5. Flow Elapsed Time
  6. Flow OS Summary
  7. Flow Log
  8. Flow Messages
  9. Flow Suppressed Messages



----------------
; Legal Notice ;
----------------
Copyright (C) 2018  Intel Corporation. All rights reserved.
Your use of Intel Corporation's design tools, logic functions 
and other software and tools, and its AMPP partner logic 
functions, and any output files from any of the foregoing 
(including device programming or simulation files), and any 
associated documentation or information are expressly subject 
to the terms and conditions of the Intel Program License 
Subscription Agreement, the Intel Quartus Prime License Agreement,
the Intel FPGA IP License Agreement, or other applicable license
agreement, including, without limitation, that your use is for
the sole purpose of programming logic devices manufactured by
Intel and sold by Intel or its authorized distributors.  Please
refer to the applicable agreement for further details.



+-------------------------------------------------------------------------------------+
; Flow Summary                                                                        ;
+-----------------------------------+-------------------------------------------------+
; Flow Status                       ; Successful - Fri Apr 03 20:54:06 2020           ;
; Quartus Prime Version             ; 18.1.0 Build 625 09/12/2018 SJ Standard Edition ;
; Revision Name                     ; MebX_Quartus_Project_DE4_530                    ;
; Top-level Entity Name             ; MebX_TopLevel                                   ;
; Family                            ; Stratix IV                                      ;
; Device                            ; EP4SGX530KH40C2                                 ;
; Timing Models                     ; Final                                           ;
; Logic utilization                 ; 63 %                                            ;
;     Combinational ALUTs           ; 171,088 / 424,960 ( 40 % )                      ;
;     Memory ALUTs                  ; 22,542 / 212,480 ( 11 % )                       ;
;     Dedicated logic registers     ; 160,156 / 424,960 ( 38 % )                      ;
; Total registers                   ; 161444                                          ;
; Total pins                        ; 519 / 888 ( 58 % )                              ;
; Total virtual pins                ; 0                                               ;
; Total block memory bits           ; 16,894,888 / 21,233,664 ( 80 % )                ;
; DSP block 18-bit elements         ; 8 / 1,024 ( < 1 % )                             ;
; Total GXB Receiver Channel PCS    ; 0 / 24 ( 0 % )                                  ;
; Total GXB Receiver Channel PMA    ; 0 / 36 ( 0 % )                                  ;
; Total GXB Transmitter Channel PCS ; 0 / 24 ( 0 % )                                  ;
; Total GXB Transmitter Channel PMA ; 0 / 36 ( 0 % )                                  ;
; Total PLLs                        ; 2 / 8 ( 25 % )                                  ;
; Total DLLs                        ; 2 / 4 ( 50 % )                                  ;
+-----------------------------------+-------------------------------------------------+


+--------------------------------------------------+
; Flow Settings                                    ;
+-------------------+------------------------------+
; Option            ; Setting                      ;
+-------------------+------------------------------+
; Start date & time ; 04/03/2020 17:29:20          ;
; Main task         ; Compilation                  ;
; Revision Name     ; MebX_Quartus_Project_DE4_530 ;
+-------------------+------------------------------+


+--------------------------------------------------------------------------------------------------------------------------------------------------------------------------------------------------------------------+
; Flow Non-Default Global Settings                                                                                                                                                                                   ;
+--------------------------------------------------------+-------------------------------------------------------------------------------+--------------------------------------+-------------------+----------------+
; Assignment Name                                        ; Value                                                                         ; Default Value                        ; Entity Name       ; Section Id     ;
+--------------------------------------------------------+-------------------------------------------------------------------------------+--------------------------------------+-------------------+----------------+
; ADV_NETLIST_OPT_SYNTH_WYSIWYG_REMAP                    ; On                                                                            ; Off                                  ; --                ; --             ;
; BLOCK_RAM_AND_MLAB_EQUIVALENT_PAUSED_READ_CAPABILITIES ; Dont Care                                                                     ; Care                                 ; --                ; --             ;
; COMPILER_SIGNATURE_ID                                  ; 167304661110086.158594574641824                                               ; --                                   ; --                ; --             ;
; ECO_REGENERATE_REPORT                                  ; On                                                                            ; Off                                  ; --                ; --             ;
; EDA_OUTPUT_DATA_FORMAT                                 ; Vhdl                                                                          ; --                                   ; --                ; eda_simulation ;
; EDA_SIMULATION_TOOL                                    ; ModelSim-Altera (VHDL)                                                        ; <None>                               ; --                ; --             ;
; ENABLE_SIGNALTAP                                       ; Off                                                                           ; --                                   ; --                ; --             ;
; FITTER_EFFORT                                          ; Standard Fit                                                                  ; Auto Fit                             ; --                ; --             ;
; FLOW_ENABLE_IO_ASSIGNMENT_ANALYSIS                     ; On                                                                            ; Off                                  ; --                ; --             ;
; MAX_CORE_JUNCTION_TEMP                                 ; 85                                                                            ; --                                   ; --                ; --             ;
; MIN_CORE_JUNCTION_TEMP                                 ; 0                                                                             ; --                                   ; --                ; --             ;
; MISC_FILE                                              ; ../Qsys_Project/MebX_Qsys_Project/synthesis/../MebX_Qsys_Project.cmp          ; --                                   ; --                ; --             ;
; MISC_FILE                                              ; ../Qsys_Project/MebX_Qsys_Project/synthesis/../../MebX_Qsys_Project.qsys      ; --                                   ; --                ; --             ;
; MISC_FILE                                              ; ../Qsys_Project/MebX_Qsys_Project/synthesis/submodules/alt_mem_ddrx_define.iv ; --                                   ; --                ; --             ;
; MISC_FILE                                              ; ../Hardware_Project/IPCore/pll_125.bsf                                        ; --                                   ; --                ; --             ;
; MISC_FILE                                              ; ../Hardware_Project/IPCore/pll_125_bb.v                                       ; --                                   ; --                ; --             ;
; MISC_FILE                                              ; ../Hardware_Project/IPCore/pll_125.cmp                                        ; --                                   ; --                ; --             ;
; MISC_FILE                                              ; ../Hardware_Project/IPCore/pll_125.ppf                                        ; --                                   ; --                ; --             ;
; MISC_FILE                                              ; ../Hardware_Project/IPCore/FIFO_Codec/fifo_codec.bsf                          ; --                                   ; --                ; --             ;
; MISC_FILE                                              ; ../Hardware_Project/IPCore/FIFO_Codec/fifo_codec_inst.vhd                     ; --                                   ; --                ; --             ;
; MISC_FILE                                              ; ../Hardware_Project/IPCore/FIFO_Codec/fifo_codec.inc                          ; --                                   ; --                ; --             ;
; MISC_FILE                                              ; ../Hardware_Project/IPCore/FIFO_Codec/fifo_codec.cmp                          ; --                                   ; --                ; --             ;
; MISC_FILE                                              ; ../Hardware_Project/IPCore/LVDS/TX_LVDS.bsf                                   ; --                                   ; --                ; --             ;
; MISC_FILE                                              ; ../Hardware_Project/IPCore/LVDS/TX_LVDS_inst.vhd                              ; --                                   ; --                ; --             ;
; MISC_FILE                                              ; ../Hardware_Project/IPCore/LVDS/TX_LVDS.inc                                   ; --                                   ; --                ; --             ;
; MISC_FILE                                              ; ../Hardware_Project/IPCore/LVDS/TX_LVDS.cmp                                   ; --                                   ; --                ; --             ;
; MISC_FILE                                              ; ../Hardware_Project/IPCore/LVDS/TX_LVDS.ppf                                   ; --                                   ; --                ; --             ;
; MISC_FILE                                              ; ../Hardware_Project/IPCore/LVDS/RX_LVDS.bsf                                   ; --                                   ; --                ; --             ;
; MISC_FILE                                              ; ../Hardware_Project/IPCore/LVDS/RX_LVDS_inst.vhd                              ; --                                   ; --                ; --             ;
; MISC_FILE                                              ; ../Hardware_Project/IPCore/LVDS/RX_LVDS.inc                                   ; --                                   ; --                ; --             ;
; MISC_FILE                                              ; ../Hardware_Project/IPCore/LVDS/RX_LVDS.cmp                                   ; --                                   ; --                ; --             ;
; MISC_FILE                                              ; ../Hardware_Project/IPCore/LVDS/RX_LVDS.ppf                                   ; --                                   ; --                ; --             ;
; MISC_FILE                                              ; ../Hardware_Project/IPCore/PLL.bsf                                            ; --                                   ; --                ; --             ;
; MISC_FILE                                              ; ../Hardware_Project/IPCore/PLL_inst.vhd                                       ; --                                   ; --                ; --             ;
; MISC_FILE                                              ; ../Hardware_Project/IPCore/PLL.inc                                            ; --                                   ; --                ; --             ;
; MISC_FILE                                              ; ../Hardware_Project/IPCore/PLL.cmp                                            ; --                                   ; --                ; --             ;
; MISC_FILE                                              ; ../Hardware_Project/IPCore/PLL.ppf                                            ; --                                   ; --                ; --             ;
; MUX_RESTRUCTURE                                        ; Off                                                                           ; Auto                                 ; --                ; --             ;
; NUM_PARALLEL_PROCESSORS                                ; All                                                                           ; --                                   ; --                ; --             ;
; OPTIMIZATION_MODE                                      ; Aggressive Performance                                                        ; Balanced                             ; --                ; --             ;
; OPTIMIZATION_TECHNIQUE                                 ; Speed                                                                         ; Balanced                             ; --                ; --             ;
; PARTITION_COLOR                                        ; -- (Not supported for targeted family)                                        ; --                                   ; MebX_TopLevel     ; Top            ;
; PARTITION_FITTER_PRESERVATION_LEVEL                    ; -- (Not supported for targeted family)                                        ; --                                   ; MebX_TopLevel     ; Top            ;
; PARTITION_NETLIST_TYPE                                 ; -- (Not supported for targeted family)                                        ; --                                   ; MebX_TopLevel     ; Top            ;
; PHYSICAL_SYNTHESIS_ASYNCHRONOUS_SIGNAL_PIPELINING      ; On                                                                            ; Off                                  ; --                ; --             ;
; PHYSICAL_SYNTHESIS_COMBO_LOGIC                         ; On                                                                            ; Off                                  ; --                ; --             ;
; PHYSICAL_SYNTHESIS_REGISTER_DUPLICATION                ; On                                                                            ; Off                                  ; --                ; --             ;
; PHYSICAL_SYNTHESIS_REGISTER_RETIMING                   ; On                                                                            ; Off                                  ; --                ; --             ;
; PLACEMENT_EFFORT_MULTIPLIER                            ; 4.0                                                                           ; 1.0                                  ; --                ; --             ;
; POWER_BOARD_THERMAL_MODEL                              ; None (CONSERVATIVE)                                                           ; --                                   ; --                ; --             ;
; POWER_PRESET_COOLING_SOLUTION                          ; 23 MM HEAT SINK WITH 200 LFPM AIRFLOW                                         ; --                                   ; --                ; --             ;
; PROJECT_IP_REGENERATION_POLICY                         ; ALWAYS_REGENERATE_IP                                                          ; SKIP_REGENERATING_IP_IF_HDL_MODIFIED ; --                ; --             ;
; PROJECT_OUTPUT_DIRECTORY                               ; output_files                                                                  ; --                                   ; --                ; --             ;
; QII_AUTO_PACKED_REGISTERS                              ; Normal                                                                        ; Auto                                 ; --                ; --             ;
; ROUTER_CLOCKING_TOPOLOGY_ANALYSIS                      ; On                                                                            ; Off                                  ; --                ; --             ;
; ROUTER_LCELL_INSERTION_AND_LOGIC_DUPLICATION           ; On                                                                            ; Auto                                 ; --                ; --             ;
; ROUTER_TIMING_OPTIMIZATION_LEVEL                       ; MAXIMUM                                                                       ; Normal                               ; --                ; --             ;
; SAVE_DISK_SPACE                                        ; Off                                                                           ; On                                   ; --                ; --             ;
; SLD_FILE                                               ; ../Qsys_Project/MebX_Qsys_Project/synthesis/MebX_Qsys_Project.regmap          ; --                                   ; --                ; --             ;
; SLD_FILE                                               ; ../Qsys_Project/MebX_Qsys_Project/synthesis/MebX_Qsys_Project.debuginfo       ; --                                   ; --                ; --             ;
; SLD_INFO                                               ; QSYS_NAME MebX_Qsys_Project HAS_SOPCINFO 1 GENERATION_ID 1585942906           ; --                                   ; MebX_Qsys_Project ; --             ;
; SMART_RECOMPILE                                        ; On                                                                            ; Off                                  ; --                ; --             ;
; SOPCINFO_FILE                                          ; ../Qsys_Project/MebX_Qsys_Project/synthesis/../../MebX_Qsys_Project.sopcinfo  ; --                                   ; --                ; --             ;
; STATE_MACHINE_PROCESSING                               ; One-Hot                                                                       ; Auto                                 ; --                ; --             ;
; SYNTHESIS_ONLY_QIP                                     ; On                                                                            ; --                                   ; --                ; --             ;
; TOP_LEVEL_ENTITY                                       ; MebX_TopLevel                                                                 ; MebX_Quartus_Project_DE4_530         ; --                ; --             ;
+--------------------------------------------------------+-------------------------------------------------------------------------------+--------------------------------------+-------------------+----------------+


+-----------------------------------------------------------------------------------------------------------------------------+
; Flow Elapsed Time                                                                                                           ;
+-------------------------+--------------+-------------------------+---------------------+------------------------------------+
; Module Name             ; Elapsed Time ; Average Processors Used ; Peak Virtual Memory ; Total CPU Time (on all processors) ;
+-------------------------+--------------+-------------------------+---------------------+------------------------------------+
; Analysis & Synthesis    ; 00:33:02     ; 1.0                     ; 10698 MB            ; 00:28:11                           ;
; I/O Assignment Analysis ; 00:07:32     ; 1.0                     ; 6331 MB             ; 00:07:06                           ;
; Fitter                  ; 02:25:39     ; 1.1                     ; 12499 MB            ; 04:37:20                           ;
; Assembler               ; 00:02:17     ; 1.0                     ; 6385 MB             ; 00:02:16                           ;
; Timing Analyzer         ; 00:07:19     ; 1.2                     ; 8852 MB             ; 00:08:30                           ;
; EDA Netlist Writer      ; 00:06:08     ; 1.0                     ; 7394 MB             ; 00:06:05                           ;
; Total                   ; 03:21:57     ; --                      ; --                  ; 05:29:28                           ;
+-------------------------+--------------+-------------------------+---------------------+------------------------------------+


+---------------------------------------------------------------------------------------+
; Flow OS Summary                                                                       ;
+-------------------------+------------------+------------+------------+----------------+
; Module Name             ; Machine Hostname ; OS Name    ; OS Version ; Processor type ;
+-------------------------+------------------+------------+------------+----------------+
; Analysis & Synthesis    ; ACER-AN5-RF      ; Windows 10 ; 10.0       ; x86_64         ;
; I/O Assignment Analysis ; ACER-AN5-RF      ; Windows 10 ; 10.0       ; x86_64         ;
; Fitter                  ; ACER-AN5-RF      ; Windows 10 ; 10.0       ; x86_64         ;
; Assembler               ; ACER-AN5-RF      ; Windows 10 ; 10.0       ; x86_64         ;
; Timing Analyzer         ; ACER-AN5-RF      ; Windows 10 ; 10.0       ; x86_64         ;
; EDA Netlist Writer      ; ACER-AN5-RF      ; Windows 10 ; 10.0       ; x86_64         ;
+-------------------------+------------------+------------+------------+----------------+


------------
; Flow Log ;
------------
quartus_map --read_settings_files=on --write_settings_files=off MebX_Quartus_Project -c MebX_Quartus_Project_DE4_530
quartus_fit --read_settings_files=off --write_settings_files=off MebX_Quartus_Project -c MebX_Quartus_Project_DE4_530 --plan
quartus_fit --read_settings_files=off --write_settings_files=off MebX_Quartus_Project -c MebX_Quartus_Project_DE4_530
quartus_asm --read_settings_files=off --write_settings_files=off MebX_Quartus_Project -c MebX_Quartus_Project_DE4_530
quartus_sta MebX_Quartus_Project -c MebX_Quartus_Project_DE4_530
quartus_eda --read_settings_files=off --write_settings_files=off MebX_Quartus_Project -c MebX_Quartus_Project_DE4_530



