Analysis & Synthesis report for fifo_mst_top
Tue Jul 14 13:50:34 2015
Quartus II 64-Bit Version 13.0.0 Build 156 04/24/2013 SJ Full Version


---------------------
; Table of Contents ;
---------------------
  1. Legal Notice
  2. Analysis & Synthesis Summary
  3. Analysis & Synthesis Settings
  4. Parallel Compilation
  5. Analysis & Synthesis Source Files Read
  6. Analysis & Synthesis Resource Usage Summary
  7. Analysis & Synthesis Resource Utilization by Entity
  8. Analysis & Synthesis RAM Summary
  9. Analysis & Synthesis IP Cores Summary
 10. Registers Removed During Synthesis
 11. Removed Registers Triggering Further Register Optimizations
 12. General Register Statistics
 13. Inverted Register Statistics
 14. Multiplexer Restructuring Statistics (Restructuring Performed)
 15. Source assignments for fifo_mst_ram:i_fifo_mst_ram|MEM_SP_xKx32:i_MEM_SP_xKx32|C5_SP_4Kx32:i_C5_SP_4Kx32|altsyncram:altsyncram_component|altsyncram_tun1:auto_generated
 16. Parameter Settings for User Entity Instance: fifo_mst_fsm:i_fifo_mst_fsm
 17. Parameter Settings for User Entity Instance: fifo_mst_ram:i_fifo_mst_ram
 18. Parameter Settings for User Entity Instance: fifo_mst_ram:i_fifo_mst_ram|MEM_SP_xKx32:i_MEM_SP_xKx32
 19. Parameter Settings for User Entity Instance: fifo_mst_ram:i_fifo_mst_ram|MEM_SP_xKx32:i_MEM_SP_xKx32|C5_SP_4Kx32:i_C5_SP_4Kx32|altsyncram:altsyncram_component
 20. Parameter Settings for User Entity Instance: fifo_ep_mst:i_fifo_ep_mst_1
 21. Parameter Settings for User Entity Instance: timer_cntr:i_startup_timer
 22. altsyncram Parameter Settings by Entity Instance
 23. Port Connectivity Checks: "timer_cntr:i_startup_timer"
 24. Port Connectivity Checks: "fifo_ep_mst:i_fifo_ep_mst_1"
 25. Port Connectivity Checks: "fifo_mst_fsm:i_fifo_mst_fsm"
 26. Port Connectivity Checks: "fifo_mst_arb:i_fifo_mst_arb"
 27. Port Connectivity Checks: "fifo_mst_dpath:i_fifo_mst_dpath"
 28. Elapsed Time Per Partition
 29. Analysis & Synthesis Messages
 30. Analysis & Synthesis Suppressed Messages



----------------
; Legal Notice ;
----------------
Copyright (C) 1991-2013 Altera Corporation
Your use of Altera Corporation's design tools, logic functions 
and other software and tools, and its AMPP partner logic 
functions, and any output files from any of the foregoing 
(including device programming or simulation files), and any 
associated documentation or information are expressly subject 
to the terms and conditions of the Altera Program License 
Subscription Agreement, Altera MegaCore Function License 
Agreement, or other applicable license agreement, including, 
without limitation, that your use is for the sole purpose of 
programming logic devices manufactured by Altera and sold by 
Altera or its authorized distributors.  Please refer to the 
applicable agreement for further details.



+-----------------------------------------------------------------------------------+
; Analysis & Synthesis Summary                                                      ;
+-------------------------------------+---------------------------------------------+
; Analysis & Synthesis Status         ; Successful - Tue Jul 14 13:50:34 2015       ;
; Quartus II 64-Bit Version           ; 13.0.0 Build 156 04/24/2013 SJ Full Version ;
; Revision Name                       ; fifo_mst_top                                ;
; Top-level Entity Name               ; fifo_mst_top                                ;
; Family                              ; Cyclone V                                   ;
; Logic utilization (in ALMs)         ; N/A                                         ;
; Total registers                     ; 101                                         ;
; Total pins                          ; 46                                          ;
; Total virtual pins                  ; 0                                           ;
; Total block memory bits             ; 131,072                                     ;
; Total DSP Blocks                    ; 0                                           ;
; Total HSSI RX PCSs                  ; 0                                           ;
; Total HSSI PMA RX Deserializers     ; 0                                           ;
; Total HSSI PMA RX ATT Deserializers ; 0                                           ;
; Total HSSI TX PCSs                  ; 0                                           ;
; Total HSSI PMA TX Serializers       ; 0                                           ;
; Total HSSI PMA TX ATT Serializers   ; 0                                           ;
; Total PLLs                          ; 0                                           ;
; Total DLLs                          ; 0                                           ;
+-------------------------------------+---------------------------------------------+


+-----------------------------------------------------------------------------------------------------------------------+
; Analysis & Synthesis Settings                                                                                         ;
+---------------------------------------------------------------------------------+----------------+--------------------+
; Option                                                                          ; Setting        ; Default Value      ;
+---------------------------------------------------------------------------------+----------------+--------------------+
; Device                                                                          ; 5CGTFD5C5F27C7 ;                    ;
; Top-level entity name                                                           ; fifo_mst_top   ; fifo_mst_top       ;
; Family name                                                                     ; Cyclone V      ; Cyclone IV GX      ;
; Remove Duplicate Registers                                                      ; Off            ; On                 ;
; Optimization Technique                                                          ; Speed          ; Balanced           ;
; PowerPlay Power Optimization                                                    ; Extra effort   ; Normal compilation ;
; Use smart compilation                                                           ; Off            ; Off                ;
; Enable parallel Assembler and TimeQuest Timing Analyzer during compilation      ; On             ; On                 ;
; Enable compact report table                                                     ; Off            ; Off                ;
; Restructure Multiplexers                                                        ; Auto           ; Auto               ;
; MLAB Add Timing Constraints For Mixed-Port Feed-Through Mode Setting Don't Care ; Off            ; Off                ;
; Create Debugging Nodes for IP Cores                                             ; Off            ; Off                ;
; Preserve fewer node names                                                       ; On             ; On                 ;
; Disable OpenCore Plus hardware evaluation                                       ; Off            ; Off                ;
; Verilog Version                                                                 ; Verilog_2001   ; Verilog_2001       ;
; VHDL Version                                                                    ; VHDL_1993      ; VHDL_1993          ;
; State Machine Processing                                                        ; Auto           ; Auto               ;
; Safe State Machine                                                              ; Off            ; Off                ;
; Extract Verilog State Machines                                                  ; On             ; On                 ;
; Extract VHDL State Machines                                                     ; On             ; On                 ;
; Ignore Verilog initial constructs                                               ; Off            ; Off                ;
; Iteration limit for constant Verilog loops                                      ; 5000           ; 5000               ;
; Iteration limit for non-constant Verilog loops                                  ; 250            ; 250                ;
; Add Pass-Through Logic to Inferred RAMs                                         ; On             ; On                 ;
; Infer RAMs from Raw Logic                                                       ; On             ; On                 ;
; Parallel Synthesis                                                              ; On             ; On                 ;
; DSP Block Balancing                                                             ; Auto           ; Auto               ;
; NOT Gate Push-Back                                                              ; On             ; On                 ;
; Power-Up Don't Care                                                             ; On             ; On                 ;
; Remove Redundant Logic Cells                                                    ; Off            ; Off                ;
; Ignore CARRY Buffers                                                            ; Off            ; Off                ;
; Ignore CASCADE Buffers                                                          ; Off            ; Off                ;
; Ignore GLOBAL Buffers                                                           ; Off            ; Off                ;
; Ignore ROW GLOBAL Buffers                                                       ; Off            ; Off                ;
; Ignore LCELL Buffers                                                            ; Off            ; Off                ;
; Ignore SOFT Buffers                                                             ; On             ; On                 ;
; Limit AHDL Integers to 32 Bits                                                  ; Off            ; Off                ;
; Carry Chain Length                                                              ; 70             ; 70                 ;
; Auto Carry Chains                                                               ; On             ; On                 ;
; Auto Open-Drain Pins                                                            ; On             ; On                 ;
; Perform WYSIWYG Primitive Resynthesis                                           ; Off            ; Off                ;
; Auto ROM Replacement                                                            ; On             ; On                 ;
; Auto RAM Replacement                                                            ; On             ; On                 ;
; Auto DSP Block Replacement                                                      ; On             ; On                 ;
; Auto Shift Register Replacement                                                 ; Auto           ; Auto               ;
; Allow Shift Register Merging across Hierarchies                                 ; Auto           ; Auto               ;
; Auto Clock Enable Replacement                                                   ; On             ; On                 ;
; Strict RAM Replacement                                                          ; Off            ; Off                ;
; Allow Synchronous Control Signals                                               ; On             ; On                 ;
; Force Use of Synchronous Clear Signals                                          ; Off            ; Off                ;
; Auto Resource Sharing                                                           ; Off            ; Off                ;
; Allow Any RAM Size For Recognition                                              ; Off            ; Off                ;
; Allow Any ROM Size For Recognition                                              ; Off            ; Off                ;
; Allow Any Shift Register Size For Recognition                                   ; Off            ; Off                ;
; Use LogicLock Constraints during Resource Balancing                             ; On             ; On                 ;
; Ignore translate_off and synthesis_off directives                               ; Off            ; Off                ;
; Timing-Driven Synthesis                                                         ; On             ; On                 ;
; Report Parameter Settings                                                       ; On             ; On                 ;
; Report Source Assignments                                                       ; On             ; On                 ;
; Report Connectivity Checks                                                      ; On             ; On                 ;
; Ignore Maximum Fan-Out Assignments                                              ; Off            ; Off                ;
; Synchronization Register Chain Length                                           ; 3              ; 3                  ;
; HDL message level                                                               ; Level2         ; Level2             ;
; Suppress Register Optimization Related Messages                                 ; Off            ; Off                ;
; Number of Removed Registers Reported in Synthesis Report                        ; 5000           ; 5000               ;
; Number of Swept Nodes Reported in Synthesis Report                              ; 5000           ; 5000               ;
; Number of Inverted Registers Reported in Synthesis Report                       ; 100            ; 100                ;
; Clock MUX Protection                                                            ; On             ; On                 ;
; Auto Gated Clock Conversion                                                     ; Off            ; Off                ;
; Block Design Naming                                                             ; Auto           ; Auto               ;
; SDC constraint protection                                                       ; Off            ; Off                ;
; Synthesis Effort                                                                ; Auto           ; Auto               ;
; Shift Register Replacement - Allow Asynchronous Clear Signal                    ; On             ; On                 ;
; Pre-Mapping Resynthesis Optimization                                            ; Off            ; Off                ;
; Analysis & Synthesis Message Level                                              ; Medium         ; Medium             ;
; Disable Register Merging Across Hierarchies                                     ; Auto           ; Auto               ;
; Resource Aware Inference For Block RAM                                          ; On             ; On                 ;
; Synthesis Seed                                                                  ; 1              ; 1                  ;
; Automatic Parallel Synthesis                                                    ; Off            ; Off                ;
+---------------------------------------------------------------------------------+----------------+--------------------+


+------------------------------------------+
; Parallel Compilation                     ;
+----------------------------+-------------+
; Processors                 ; Number      ;
+----------------------------+-------------+
; Number detected on machine ; 8           ;
; Maximum allowed            ; 4           ;
;                            ;             ;
; Average used               ; 1.00        ;
; Maximum used               ; 1           ;
;                            ;             ;
; Usage by Processor         ; % Time Used ;
;     Processor 1            ; 100.0%      ;
;     Processors 2-8         ;   0.0%      ;
+----------------------------+-------------+


+-----------------------------------------------------------------------------------------------------------------------------------------------------------------------------------------------+
; Analysis & Synthesis Source Files Read                                                                                                                                                        ;
+----------------------------------+-----------------+------------------------------+-------------------------------------------------------------------------------------------------+---------+
; File Name with User-Entered Path ; Used in Netlist ; File Type                    ; File Name with Absolute Path                                                                    ; Library ;
+----------------------------------+-----------------+------------------------------+-------------------------------------------------------------------------------------------------+---------+
; define_conf.v                    ; yes             ; User Verilog HDL File        ; C:/SVN/FT600/Project/trunk/fifo_masters/Altera_eval_board/MC245/AL_MC245/define_conf.v          ;         ;
; ../RTL/timer_cntr.v              ; yes             ; User Verilog HDL File        ; C:/SVN/FT600/Project/trunk/fifo_masters/Altera_eval_board/MC245/RTL/timer_cntr.v                ;         ;
; ../RTL/MEM_SP_xKx32.AL.v         ; yes             ; User Verilog HDL File        ; C:/SVN/FT600/Project/trunk/fifo_masters/Altera_eval_board/MC245/RTL/MEM_SP_xKx32.AL.v           ;         ;
; ../RTL/fifo_mst_ram.v            ; yes             ; User Verilog HDL File        ; C:/SVN/FT600/Project/trunk/fifo_masters/Altera_eval_board/MC245/RTL/fifo_mst_ram.v              ;         ;
; ../RTL/fifo_mst_io.v             ; yes             ; User Verilog HDL File        ; C:/SVN/FT600/Project/trunk/fifo_masters/Altera_eval_board/MC245/RTL/fifo_mst_io.v               ;         ;
; ../RTL/fifo_mst_fsm.M245.v       ; yes             ; User Verilog HDL File        ; C:/SVN/FT600/Project/trunk/fifo_masters/Altera_eval_board/MC245/RTL/fifo_mst_fsm.M245.v         ;         ;
; ../RTL/fifo_mst_dpath.v          ; yes             ; User Verilog HDL File        ; C:/SVN/FT600/Project/trunk/fifo_masters/Altera_eval_board/MC245/RTL/fifo_mst_dpath.v            ;         ;
; ../RTL/fifo_mst_arb.v            ; yes             ; User Verilog HDL File        ; C:/SVN/FT600/Project/trunk/fifo_masters/Altera_eval_board/MC245/RTL/fifo_mst_arb.v              ;         ;
; ../RTL/fifo_ep_mst.v             ; yes             ; User Verilog HDL File        ; C:/SVN/FT600/Project/trunk/fifo_masters/Altera_eval_board/MC245/RTL/fifo_ep_mst.v               ;         ;
; ../RTL/fifo_mst_top.M245.v       ; yes             ; User Verilog HDL File        ; C:/SVN/FT600/Project/trunk/fifo_masters/Altera_eval_board/MC245/RTL/fifo_mst_top.M245.v         ;         ;
; ../RTL/memory/C5_SP_4Kx32.v      ; yes             ; Auto-Found Verilog HDL File  ; C:/SVN/FT600/Project/trunk/fifo_masters/Altera_eval_board/MC245/RTL/memory/C5_SP_4Kx32.v        ;         ;
; altsyncram.tdf                   ; yes             ; Megafunction                 ; c:/altera/13.0/quartus/libraries/megafunctions/altsyncram.tdf                                   ;         ;
; stratix_ram_block.inc            ; yes             ; Megafunction                 ; c:/altera/13.0/quartus/libraries/megafunctions/stratix_ram_block.inc                            ;         ;
; lpm_mux.inc                      ; yes             ; Megafunction                 ; c:/altera/13.0/quartus/libraries/megafunctions/lpm_mux.inc                                      ;         ;
; lpm_decode.inc                   ; yes             ; Megafunction                 ; c:/altera/13.0/quartus/libraries/megafunctions/lpm_decode.inc                                   ;         ;
; aglobal130.inc                   ; yes             ; Megafunction                 ; c:/altera/13.0/quartus/libraries/megafunctions/aglobal130.inc                                   ;         ;
; a_rdenreg.inc                    ; yes             ; Megafunction                 ; c:/altera/13.0/quartus/libraries/megafunctions/a_rdenreg.inc                                    ;         ;
; altrom.inc                       ; yes             ; Megafunction                 ; c:/altera/13.0/quartus/libraries/megafunctions/altrom.inc                                       ;         ;
; altram.inc                       ; yes             ; Megafunction                 ; c:/altera/13.0/quartus/libraries/megafunctions/altram.inc                                       ;         ;
; altdpram.inc                     ; yes             ; Megafunction                 ; c:/altera/13.0/quartus/libraries/megafunctions/altdpram.inc                                     ;         ;
; db/altsyncram_tun1.tdf           ; yes             ; Auto-Generated Megafunction  ; C:/SVN/FT600/Project/trunk/fifo_masters/Altera_eval_board/MC245/AL_MC245/db/altsyncram_tun1.tdf ;         ;
+----------------------------------+-----------------+------------------------------+-------------------------------------------------------------------------------------------------+---------+


+---------------------------------------------------------+
; Analysis & Synthesis Resource Usage Summary             ;
+---------------------------------------------+-----------+
; Resource                                    ; Usage     ;
+---------------------------------------------+-----------+
; Estimate of Logic utilization (ALMs needed) ; 115       ;
;                                             ;           ;
; Combinational ALUT usage for logic          ; 190       ;
;     -- 7 input functions                    ; 0         ;
;     -- 6 input functions                    ; 39        ;
;     -- 5 input functions                    ; 9         ;
;     -- 4 input functions                    ; 13        ;
;     -- <=3 input functions                  ; 129       ;
;                                             ;           ;
; Dedicated logic registers                   ; 101       ;
;                                             ;           ;
; I/O pins                                    ; 46        ;
; Total MLAB memory bits                      ; 0         ;
; Total block memory bits                     ; 131072    ;
; Total DSP Blocks                            ; 0         ;
; Maximum fan-out node                        ; CLK~input ;
; Maximum fan-out                             ; 133       ;
; Total fan-out                               ; 1687      ;
; Average fan-out                             ; 3.74      ;
+---------------------------------------------+-----------+


+---------------------------------------------------------------------------------------------------------------------------------------------------------------------------------------------------------------------------------------------------------------------------------------------------------------------------+
; Analysis & Synthesis Resource Utilization by Entity                                                                                                                                                                                                                                                                       ;
+-------------------------------------------------+-------------------+--------------+-------------------+------------+------+--------------+----------------------------------------------------------------------------------------------------------------------------------------------------------------+--------------+
; Compilation Hierarchy Node                      ; LC Combinationals ; LC Registers ; Block Memory Bits ; DSP Blocks ; Pins ; Virtual Pins ; Full Hierarchy Name                                                                                                                                            ; Library Name ;
+-------------------------------------------------+-------------------+--------------+-------------------+------------+------+--------------+----------------------------------------------------------------------------------------------------------------------------------------------------------------+--------------+
; |fifo_mst_top                                   ; 190 (7)           ; 101 (0)      ; 131072            ; 0          ; 46   ; 0            ; |fifo_mst_top                                                                                                                                                  ;              ;
;    |fifo_ep_mst:i_fifo_ep_mst_1|                ; 78 (78)           ; 30 (30)      ; 0                 ; 0          ; 0    ; 0            ; |fifo_mst_top|fifo_ep_mst:i_fifo_ep_mst_1                                                                                                                      ;              ;
;    |fifo_mst_arb:i_fifo_mst_arb|                ; 11 (11)           ; 8 (8)        ; 0                 ; 0          ; 0    ; 0            ; |fifo_mst_top|fifo_mst_arb:i_fifo_mst_arb                                                                                                                      ;              ;
;    |fifo_mst_dpath:i_fifo_mst_dpath|            ; 32 (32)           ; 36 (36)      ; 0                 ; 0          ; 0    ; 0            ; |fifo_mst_top|fifo_mst_dpath:i_fifo_mst_dpath                                                                                                                  ;              ;
;    |fifo_mst_fsm:i_fifo_mst_fsm|                ; 57 (57)           ; 24 (24)      ; 0                 ; 0          ; 0    ; 0            ; |fifo_mst_top|fifo_mst_fsm:i_fifo_mst_fsm                                                                                                                      ;              ;
;    |fifo_mst_ram:i_fifo_mst_ram|                ; 2 (0)             ; 0 (0)        ; 131072            ; 0          ; 0    ; 0            ; |fifo_mst_top|fifo_mst_ram:i_fifo_mst_ram                                                                                                                      ;              ;
;       |MEM_SP_xKx32:i_MEM_SP_xKx32|             ; 2 (2)             ; 0 (0)        ; 131072            ; 0          ; 0    ; 0            ; |fifo_mst_top|fifo_mst_ram:i_fifo_mst_ram|MEM_SP_xKx32:i_MEM_SP_xKx32                                                                                          ;              ;
;          |C5_SP_4Kx32:i_C5_SP_4Kx32|            ; 0 (0)             ; 0 (0)        ; 131072            ; 0          ; 0    ; 0            ; |fifo_mst_top|fifo_mst_ram:i_fifo_mst_ram|MEM_SP_xKx32:i_MEM_SP_xKx32|C5_SP_4Kx32:i_C5_SP_4Kx32                                                                ;              ;
;             |altsyncram:altsyncram_component|   ; 0 (0)             ; 0 (0)        ; 131072            ; 0          ; 0    ; 0            ; |fifo_mst_top|fifo_mst_ram:i_fifo_mst_ram|MEM_SP_xKx32:i_MEM_SP_xKx32|C5_SP_4Kx32:i_C5_SP_4Kx32|altsyncram:altsyncram_component                                ;              ;
;                |altsyncram_tun1:auto_generated| ; 0 (0)             ; 0 (0)        ; 131072            ; 0          ; 0    ; 0            ; |fifo_mst_top|fifo_mst_ram:i_fifo_mst_ram|MEM_SP_xKx32:i_MEM_SP_xKx32|C5_SP_4Kx32:i_C5_SP_4Kx32|altsyncram:altsyncram_component|altsyncram_tun1:auto_generated ;              ;
;    |timer_cntr:i_startup_timer|                 ; 3 (3)             ; 3 (3)        ; 0                 ; 0          ; 0    ; 0            ; |fifo_mst_top|timer_cntr:i_startup_timer                                                                                                                       ;              ;
+-------------------------------------------------+-------------------+--------------+-------------------+------------+------+--------------+----------------------------------------------------------------------------------------------------------------------------------------------------------------+--------------+
Note: For table entries with two numbers listed, the numbers in parentheses indicate the number of resources of the given type used by the specific entity alone. The numbers listed outside of parentheses indicate the total resources of the given type used by the specific entity and all of its sub-entities in the hierarchy.


+--------------------------------------------------------------------------------------------------------------------------------------------------------------------------------------------------------------------------------------------------------------+
; Analysis & Synthesis RAM Summary                                                                                                                                                                                                                             ;
+-------------------------------------------------------------------------------------------------------------------------------------------------------------+------+-------------+--------------+--------------+--------------+--------------+--------+------+
; Name                                                                                                                                                        ; Type ; Mode        ; Port A Depth ; Port A Width ; Port B Depth ; Port B Width ; Size   ; MIF  ;
+-------------------------------------------------------------------------------------------------------------------------------------------------------------+------+-------------+--------------+--------------+--------------+--------------+--------+------+
; fifo_mst_ram:i_fifo_mst_ram|MEM_SP_xKx32:i_MEM_SP_xKx32|C5_SP_4Kx32:i_C5_SP_4Kx32|altsyncram:altsyncram_component|altsyncram_tun1:auto_generated|ALTSYNCRAM ; AUTO ; Single Port ; 4096         ; 32           ; --           ; --           ; 131072 ; None ;
+-------------------------------------------------------------------------------------------------------------------------------------------------------------+------+-------------+--------------+--------------+--------------+--------------+--------+------+


+------------------------------------------------------------------------------------------------------------------------------------------------------------------------------------------------------------------------------------------------------------+
; Analysis & Synthesis IP Cores Summary                                                                                                                                                                                                                      ;
+--------+--------------+---------+--------------+--------------+-------------------------------------------------------------------------------------------------+------------------------------------------------------------------------------------------+
; Vendor ; IP Core Name ; Version ; Release Date ; License Type ; Entity Instance                                                                                 ; IP Include File                                                                          ;
+--------+--------------+---------+--------------+--------------+-------------------------------------------------------------------------------------------------+------------------------------------------------------------------------------------------+
; Altera ; RAM: 1-PORT  ; N/A     ; N/A          ; N/A          ; |fifo_mst_top|fifo_mst_ram:i_fifo_mst_ram|MEM_SP_xKx32:i_MEM_SP_xKx32|C5_SP_4Kx32:i_C5_SP_4Kx32 ; C:/SVN/FT600/Project/trunk/fifo_masters/Altera_eval_board/MC245/RTL/memory/C5_SP_4Kx32.v ;
+--------+--------------+---------+--------------+--------------+-------------------------------------------------------------------------------------------------+------------------------------------------------------------------------------------------+


+-----------------------------------------------------------------------------------------+
; Registers Removed During Synthesis                                                      ;
+------------------------------------------------+----------------------------------------+
; Register name                                  ; Reason for Removal                     ;
+------------------------------------------------+----------------------------------------+
; fifo_mst_fsm:i_fifo_mst_fsm|tp_siwu_n          ; Stuck at VCC due to stuck port data_in ;
; fifo_mst_arb:i_fifo_mst_arb|oep_slv_st_r[2..4] ; Stuck at GND due to stuck port data_in ;
; fifo_mst_arb:i_fifo_mst_arb|oep_mst_st_r[2..4] ; Stuck at GND due to stuck port data_in ;
; fifo_mst_arb:i_fifo_mst_arb|iep_slv_st_r[2..4] ; Stuck at GND due to stuck port data_in ;
; fifo_mst_arb:i_fifo_mst_arb|iep_mst_st_r[2..4] ; Stuck at GND due to stuck port data_in ;
; fifo_mst_arb:i_fifo_mst_arb|not_served_r[3..8] ; Stuck at VCC due to stuck port data_in ;
; Total Number of Removed Registers = 19         ;                                        ;
+------------------------------------------------+----------------------------------------+


+------------------------------------------------------------------------------------------------------------------------+
; Removed Registers Triggering Further Register Optimizations                                                            ;
+---------------------------------------------+---------------------------+----------------------------------------------+
; Register name                               ; Reason for Removal        ; Registers Removed due to This Register       ;
+---------------------------------------------+---------------------------+----------------------------------------------+
; fifo_mst_arb:i_fifo_mst_arb|oep_slv_st_r[4] ; Stuck at GND              ; fifo_mst_arb:i_fifo_mst_arb|not_served_r[8], ;
;                                             ; due to stuck port data_in ; fifo_mst_arb:i_fifo_mst_arb|not_served_r[7], ;
;                                             ;                           ; fifo_mst_arb:i_fifo_mst_arb|not_served_r[6], ;
;                                             ;                           ; fifo_mst_arb:i_fifo_mst_arb|not_served_r[5], ;
;                                             ;                           ; fifo_mst_arb:i_fifo_mst_arb|not_served_r[4], ;
;                                             ;                           ; fifo_mst_arb:i_fifo_mst_arb|not_served_r[3]  ;
+---------------------------------------------+---------------------------+----------------------------------------------+


+------------------------------------------------------+
; General Register Statistics                          ;
+----------------------------------------------+-------+
; Statistic                                    ; Value ;
+----------------------------------------------+-------+
; Total registers                              ; 101   ;
; Number of registers using Synchronous Clear  ; 0     ;
; Number of registers using Synchronous Load   ; 26    ;
; Number of registers using Asynchronous Clear ; 101   ;
; Number of registers using Asynchronous Load  ; 0     ;
; Number of registers using Clock Enable       ; 47    ;
; Number of registers using Preset             ; 0     ;
+----------------------------------------------+-------+


+-------------------------------------------------------+
; Inverted Register Statistics                          ;
+---------------------------------------------+---------+
; Inverted Register                           ; Fan out ;
+---------------------------------------------+---------+
; fifo_mst_fsm:i_fifo_mst_fsm|tp_wr_n         ; 1       ;
; fifo_mst_fsm:i_fifo_mst_fsm|tp_rd_n         ; 1       ;
; fifo_mst_fsm:i_fifo_mst_fsm|tp_oe_n         ; 1       ;
; timer_cntr:i_startup_timer|cntr[0]          ; 4       ;
; timer_cntr:i_startup_timer|cntr[1]          ; 4       ;
; timer_cntr:i_startup_timer|cntr[2]          ; 4       ;
; fifo_mst_arb:i_fifo_mst_arb|not_served_r[1] ; 4       ;
; fifo_mst_arb:i_fifo_mst_arb|not_served_r[2] ; 3       ;
; fifo_mst_dpath:i_fifo_mst_dpath|tp_data[0]  ; 1       ;
; fifo_mst_fsm:i_fifo_mst_fsm|tp_be_oe_n      ; 36      ;
; fifo_mst_dpath:i_fifo_mst_dpath|tp_data[1]  ; 1       ;
; fifo_mst_dpath:i_fifo_mst_dpath|tp_data[2]  ; 1       ;
; fifo_mst_dpath:i_fifo_mst_dpath|tp_data[3]  ; 1       ;
; fifo_mst_dpath:i_fifo_mst_dpath|tp_data[4]  ; 1       ;
; fifo_mst_dpath:i_fifo_mst_dpath|tp_data[5]  ; 1       ;
; fifo_mst_dpath:i_fifo_mst_dpath|tp_data[6]  ; 1       ;
; fifo_mst_dpath:i_fifo_mst_dpath|tp_data[7]  ; 1       ;
; fifo_mst_dpath:i_fifo_mst_dpath|tp_data[8]  ; 1       ;
; fifo_mst_dpath:i_fifo_mst_dpath|tp_data[9]  ; 1       ;
; fifo_mst_dpath:i_fifo_mst_dpath|tp_data[10] ; 1       ;
; fifo_mst_dpath:i_fifo_mst_dpath|tp_data[11] ; 1       ;
; fifo_mst_dpath:i_fifo_mst_dpath|tp_data[12] ; 1       ;
; fifo_mst_dpath:i_fifo_mst_dpath|tp_data[13] ; 1       ;
; fifo_mst_dpath:i_fifo_mst_dpath|tp_data[14] ; 1       ;
; fifo_mst_dpath:i_fifo_mst_dpath|tp_data[15] ; 1       ;
; fifo_mst_dpath:i_fifo_mst_dpath|tp_data[16] ; 1       ;
; fifo_mst_dpath:i_fifo_mst_dpath|tp_data[17] ; 1       ;
; fifo_mst_dpath:i_fifo_mst_dpath|tp_data[18] ; 1       ;
; fifo_mst_dpath:i_fifo_mst_dpath|tp_data[19] ; 1       ;
; fifo_mst_dpath:i_fifo_mst_dpath|tp_data[20] ; 1       ;
; fifo_mst_dpath:i_fifo_mst_dpath|tp_data[21] ; 1       ;
; fifo_mst_dpath:i_fifo_mst_dpath|tp_data[22] ; 1       ;
; fifo_mst_dpath:i_fifo_mst_dpath|tp_data[23] ; 1       ;
; fifo_mst_dpath:i_fifo_mst_dpath|tp_data[24] ; 1       ;
; fifo_mst_dpath:i_fifo_mst_dpath|tp_data[25] ; 1       ;
; fifo_mst_dpath:i_fifo_mst_dpath|tp_data[26] ; 1       ;
; fifo_mst_dpath:i_fifo_mst_dpath|tp_data[27] ; 1       ;
; fifo_mst_dpath:i_fifo_mst_dpath|tp_data[28] ; 1       ;
; fifo_mst_dpath:i_fifo_mst_dpath|tp_data[29] ; 1       ;
; fifo_mst_dpath:i_fifo_mst_dpath|tp_data[30] ; 1       ;
; fifo_mst_dpath:i_fifo_mst_dpath|tp_data[31] ; 1       ;
; fifo_mst_dpath:i_fifo_mst_dpath|tp_be[0]    ; 1       ;
; fifo_mst_dpath:i_fifo_mst_dpath|tp_be[1]    ; 1       ;
; fifo_mst_dpath:i_fifo_mst_dpath|tp_be[2]    ; 1       ;
; fifo_mst_dpath:i_fifo_mst_dpath|tp_be[3]    ; 1       ;
; Total number of inverted registers = 45     ;         ;
+---------------------------------------------+---------+


+-------------------------------------------------------------------------------------------------------------------------------------------------------------------------+
; Multiplexer Restructuring Statistics (Restructuring Performed)                                                                                                          ;
+--------------------+-----------+---------------+----------------------+------------------------+------------+-----------------------------------------------------------+
; Multiplexer Inputs ; Bus Width ; Baseline Area ; Area if Restructured ; Saving if Restructured ; Registered ; Example Multiplexer Output                                ;
+--------------------+-----------+---------------+----------------------+------------------------+------------+-----------------------------------------------------------+
; 3:1                ; 13 bits   ; 26 LEs        ; 0 LEs                ; 26 LEs                 ; Yes        ; |fifo_mst_top|fifo_ep_mst:i_fifo_ep_mst_1|rd_ptr[2]       ;
; 3:1                ; 4 bits    ; 8 LEs         ; 4 LEs                ; 4 LEs                  ; Yes        ; |fifo_mst_top|fifo_mst_arb:i_fifo_mst_arb|oep_mst_st_r[1] ;
; 3:1                ; 13 bits   ; 26 LEs        ; 0 LEs                ; 26 LEs                 ; Yes        ; |fifo_mst_top|fifo_mst_fsm:i_fifo_mst_fsm|c_rd_ptr[7]     ;
; 131:1              ; 2 bits    ; 174 LEs       ; 28 LEs               ; 146 LEs                ; Yes        ; |fifo_mst_top|fifo_mst_fsm:i_fifo_mst_fsm|cur_st[3]       ;
; 5:1                ; 8 bits    ; 24 LEs        ; 16 LEs               ; 8 LEs                  ; Yes        ; |fifo_mst_top|fifo_mst_arb:i_fifo_mst_arb|not_served_r[7] ;
; 131:1              ; 2 bits    ; 174 LEs       ; 28 LEs               ; 146 LEs                ; No         ; |fifo_mst_top|fifo_mst_fsm:i_fifo_mst_fsm|Selector6       ;
; 131:1              ; 2 bits    ; 174 LEs       ; 38 LEs               ; 136 LEs                ; No         ; |fifo_mst_top|fifo_mst_fsm:i_fifo_mst_fsm|Selector1       ;
+--------------------+-----------+---------------+----------------------+------------------------+------------+-----------------------------------------------------------+


+-------------------------------------------------------------------------------------------------------------------------------------------------------------------------+
; Source assignments for fifo_mst_ram:i_fifo_mst_ram|MEM_SP_xKx32:i_MEM_SP_xKx32|C5_SP_4Kx32:i_C5_SP_4Kx32|altsyncram:altsyncram_component|altsyncram_tun1:auto_generated ;
+---------------------------------+--------------+------+-----------------------------------------------------------------------------------------------------------------+
; Assignment                      ; Value        ; From ; To                                                                                                              ;
+---------------------------------+--------------+------+-----------------------------------------------------------------------------------------------------------------+
; OPTIMIZE_POWER_DURING_SYNTHESIS ; EXTRA_EFFORT ; -    ; -                                                                                                               ;
+---------------------------------+--------------+------+-----------------------------------------------------------------------------------------------------------------+


+--------------------------------------------------------------------------+
; Parameter Settings for User Entity Instance: fifo_mst_fsm:i_fifo_mst_fsm ;
+----------------+-------+-------------------------------------------------+
; Parameter Name ; Value ; Type                                            ;
+----------------+-------+-------------------------------------------------+
; EPm_MSZ        ; 12    ; Signed Integer                                  ;
+----------------+-------+-------------------------------------------------+
Note: In order to hide this table in the UI and the text report file, please set the "Show Parameter Settings in Synthesis Report" option in "Analysis and Synthesis Settings -> More Settings" to "Off".


+--------------------------------------------------------------------------+
; Parameter Settings for User Entity Instance: fifo_mst_ram:i_fifo_mst_ram ;
+----------------+-------+-------------------------------------------------+
; Parameter Name ; Value ; Type                                            ;
+----------------+-------+-------------------------------------------------+
; T_MSZ          ; 12    ; Signed Integer                                  ;
+----------------+-------+-------------------------------------------------+
Note: In order to hide this table in the UI and the text report file, please set the "Show Parameter Settings in Synthesis Report" option in "Analysis and Synthesis Settings -> More Settings" to "Off".


+------------------------------------------------------------------------------------------------------+
; Parameter Settings for User Entity Instance: fifo_mst_ram:i_fifo_mst_ram|MEM_SP_xKx32:i_MEM_SP_xKx32 ;
+----------------+-------+-----------------------------------------------------------------------------+
; Parameter Name ; Value ; Type                                                                        ;
+----------------+-------+-----------------------------------------------------------------------------+
; T_MSZ          ; 12    ; Signed Integer                                                              ;
+----------------+-------+-----------------------------------------------------------------------------+
Note: In order to hide this table in the UI and the text report file, please set the "Show Parameter Settings in Synthesis Report" option in "Analysis and Synthesis Settings -> More Settings" to "Off".


+----------------------------------------------------------------------------------------------------------------------------------------------------------------+
; Parameter Settings for User Entity Instance: fifo_mst_ram:i_fifo_mst_ram|MEM_SP_xKx32:i_MEM_SP_xKx32|C5_SP_4Kx32:i_C5_SP_4Kx32|altsyncram:altsyncram_component ;
+------------------------------------+----------------------+----------------------------------------------------------------------------------------------------+
; Parameter Name                     ; Value                ; Type                                                                                               ;
+------------------------------------+----------------------+----------------------------------------------------------------------------------------------------+
; BYTE_SIZE_BLOCK                    ; 8                    ; Untyped                                                                                            ;
; AUTO_CARRY_CHAINS                  ; ON                   ; AUTO_CARRY                                                                                         ;
; IGNORE_CARRY_BUFFERS               ; OFF                  ; IGNORE_CARRY                                                                                       ;
; AUTO_CASCADE_CHAINS                ; ON                   ; AUTO_CASCADE                                                                                       ;
; IGNORE_CASCADE_BUFFERS             ; OFF                  ; IGNORE_CASCADE                                                                                     ;
; WIDTH_BYTEENA                      ; 1                    ; Untyped                                                                                            ;
; OPERATION_MODE                     ; SINGLE_PORT          ; Untyped                                                                                            ;
; WIDTH_A                            ; 32                   ; Signed Integer                                                                                     ;
; WIDTHAD_A                          ; 12                   ; Signed Integer                                                                                     ;
; NUMWORDS_A                         ; 4096                 ; Signed Integer                                                                                     ;
; OUTDATA_REG_A                      ; UNREGISTERED         ; Untyped                                                                                            ;
; ADDRESS_ACLR_A                     ; NONE                 ; Untyped                                                                                            ;
; OUTDATA_ACLR_A                     ; NONE                 ; Untyped                                                                                            ;
; WRCONTROL_ACLR_A                   ; NONE                 ; Untyped                                                                                            ;
; INDATA_ACLR_A                      ; NONE                 ; Untyped                                                                                            ;
; BYTEENA_ACLR_A                     ; NONE                 ; Untyped                                                                                            ;
; WIDTH_B                            ; 1                    ; Untyped                                                                                            ;
; WIDTHAD_B                          ; 1                    ; Untyped                                                                                            ;
; NUMWORDS_B                         ; 1                    ; Untyped                                                                                            ;
; INDATA_REG_B                       ; CLOCK1               ; Untyped                                                                                            ;
; WRCONTROL_WRADDRESS_REG_B          ; CLOCK1               ; Untyped                                                                                            ;
; RDCONTROL_REG_B                    ; CLOCK1               ; Untyped                                                                                            ;
; ADDRESS_REG_B                      ; CLOCK1               ; Untyped                                                                                            ;
; OUTDATA_REG_B                      ; UNREGISTERED         ; Untyped                                                                                            ;
; BYTEENA_REG_B                      ; CLOCK1               ; Untyped                                                                                            ;
; INDATA_ACLR_B                      ; NONE                 ; Untyped                                                                                            ;
; WRCONTROL_ACLR_B                   ; NONE                 ; Untyped                                                                                            ;
; ADDRESS_ACLR_B                     ; NONE                 ; Untyped                                                                                            ;
; OUTDATA_ACLR_B                     ; NONE                 ; Untyped                                                                                            ;
; RDCONTROL_ACLR_B                   ; NONE                 ; Untyped                                                                                            ;
; BYTEENA_ACLR_B                     ; NONE                 ; Untyped                                                                                            ;
; WIDTH_BYTEENA_A                    ; 4                    ; Signed Integer                                                                                     ;
; WIDTH_BYTEENA_B                    ; 1                    ; Untyped                                                                                            ;
; RAM_BLOCK_TYPE                     ; AUTO                 ; Untyped                                                                                            ;
; BYTE_SIZE                          ; 8                    ; Signed Integer                                                                                     ;
; READ_DURING_WRITE_MODE_MIXED_PORTS ; DONT_CARE            ; Untyped                                                                                            ;
; READ_DURING_WRITE_MODE_PORT_A      ; DONT_CARE            ; Untyped                                                                                            ;
; READ_DURING_WRITE_MODE_PORT_B      ; NEW_DATA_NO_NBE_READ ; Untyped                                                                                            ;
; INIT_FILE                          ; UNUSED               ; Untyped                                                                                            ;
; INIT_FILE_LAYOUT                   ; PORT_A               ; Untyped                                                                                            ;
; MAXIMUM_DEPTH                      ; 0                    ; Untyped                                                                                            ;
; CLOCK_ENABLE_INPUT_A               ; BYPASS               ; Untyped                                                                                            ;
; CLOCK_ENABLE_INPUT_B               ; NORMAL               ; Untyped                                                                                            ;
; CLOCK_ENABLE_OUTPUT_A              ; BYPASS               ; Untyped                                                                                            ;
; CLOCK_ENABLE_OUTPUT_B              ; NORMAL               ; Untyped                                                                                            ;
; CLOCK_ENABLE_CORE_A                ; USE_INPUT_CLKEN      ; Untyped                                                                                            ;
; CLOCK_ENABLE_CORE_B                ; USE_INPUT_CLKEN      ; Untyped                                                                                            ;
; ENABLE_ECC                         ; FALSE                ; Untyped                                                                                            ;
; ECC_PIPELINE_STAGE_ENABLED         ; FALSE                ; Untyped                                                                                            ;
; WIDTH_ECCSTATUS                    ; 3                    ; Untyped                                                                                            ;
; DEVICE_FAMILY                      ; Cyclone V            ; Untyped                                                                                            ;
; CBXI_PARAMETER                     ; altsyncram_tun1      ; Untyped                                                                                            ;
+------------------------------------+----------------------+----------------------------------------------------------------------------------------------------+
Note: In order to hide this table in the UI and the text report file, please set the "Show Parameter Settings in Synthesis Report" option in "Analysis and Synthesis Settings -> More Settings" to "Off".


+--------------------------------------------------------------------------+
; Parameter Settings for User Entity Instance: fifo_ep_mst:i_fifo_ep_mst_1 ;
+----------------+----------------------------------+----------------------+
; Parameter Name ; Value                            ; Type                 ;
+----------------+----------------------------------+----------------------+
; T_MSZ          ; 12                               ; Signed Integer       ;
; EPm_MSZ        ; 12                               ; Signed Integer       ;
; EP_MSZ         ; 12                               ; Signed Integer       ;
; EP_NUM         ; 001                              ; Unsigned Binary      ;
; EP_BASE_ADR    ; 00000000000000000000000000000000 ; Unsigned Binary      ;
+----------------+----------------------------------+----------------------+
Note: In order to hide this table in the UI and the text report file, please set the "Show Parameter Settings in Synthesis Report" option in "Analysis and Synthesis Settings -> More Settings" to "Off".


+-------------------------------------------------------------------------+
; Parameter Settings for User Entity Instance: timer_cntr:i_startup_timer ;
+----------------+-------+------------------------------------------------+
; Parameter Name ; Value ; Type                                           ;
+----------------+-------+------------------------------------------------+
; NUM_BIT        ; 3     ; Signed Integer                                 ;
; INI_ST         ; 111   ; Unsigned Binary                                ;
+----------------+-------+------------------------------------------------+
Note: In order to hide this table in the UI and the text report file, please set the "Show Parameter Settings in Synthesis Report" option in "Analysis and Synthesis Settings -> More Settings" to "Off".


+---------------------------------------------------------------------------------------------------------------------------------------------------------------+
; altsyncram Parameter Settings by Entity Instance                                                                                                              ;
+-------------------------------------------+-------------------------------------------------------------------------------------------------------------------+
; Name                                      ; Value                                                                                                             ;
+-------------------------------------------+-------------------------------------------------------------------------------------------------------------------+
; Number of entity instances                ; 1                                                                                                                 ;
; Entity Instance                           ; fifo_mst_ram:i_fifo_mst_ram|MEM_SP_xKx32:i_MEM_SP_xKx32|C5_SP_4Kx32:i_C5_SP_4Kx32|altsyncram:altsyncram_component ;
;     -- OPERATION_MODE                     ; SINGLE_PORT                                                                                                       ;
;     -- WIDTH_A                            ; 32                                                                                                                ;
;     -- NUMWORDS_A                         ; 4096                                                                                                              ;
;     -- OUTDATA_REG_A                      ; UNREGISTERED                                                                                                      ;
;     -- WIDTH_B                            ; 1                                                                                                                 ;
;     -- NUMWORDS_B                         ; 1                                                                                                                 ;
;     -- ADDRESS_REG_B                      ; CLOCK1                                                                                                            ;
;     -- OUTDATA_REG_B                      ; UNREGISTERED                                                                                                      ;
;     -- RAM_BLOCK_TYPE                     ; AUTO                                                                                                              ;
;     -- READ_DURING_WRITE_MODE_MIXED_PORTS ; DONT_CARE                                                                                                         ;
+-------------------------------------------+-------------------------------------------------------------------------------------------------------------------+


+--------------------------------------------------------+
; Port Connectivity Checks: "timer_cntr:i_startup_timer" ;
+--------+-------+----------+----------------------------+
; Port   ; Type  ; Severity ; Details                    ;
+--------+-------+----------+----------------------------+
; enable ; Input ; Info     ; Stuck at VCC               ;
; load   ; Input ; Info     ; Stuck at GND               ;
; count  ; Input ; Info     ; Stuck at GND               ;
+--------+-------+----------+----------------------------+


+---------------------------------------------------------+
; Port Connectivity Checks: "fifo_ep_mst:i_fifo_ep_mst_1" ;
+--------------+-------+----------+-----------------------+
; Port         ; Type  ; Severity ; Details               ;
+--------------+-------+----------+-----------------------+
; i_mode       ; Input ; Info     ; Stuck at GND          ;
; ep_num[2..1] ; Input ; Info     ; Stuck at GND          ;
; ep_num[0]    ; Input ; Info     ; Stuck at VCC          ;
+--------------+-------+----------+-----------------------+


+---------------------------------------------------------+
; Port Connectivity Checks: "fifo_mst_fsm:i_fifo_mst_fsm" ;
+---------+-------+----------+----------------------------+
; Port    ; Type  ; Severity ; Details                    ;
+---------+-------+----------+----------------------------+
; siwu_en ; Input ; Info     ; Stuck at GND               ;
+---------+-------+----------+----------------------------+


+---------------------------------------------------------------+
; Port Connectivity Checks: "fifo_mst_arb:i_fifo_mst_arb"       ;
+------------------+--------+----------+------------------------+
; Port             ; Type   ; Severity ; Details                ;
+------------------+--------+----------+------------------------+
; slv_f_st_n[8..6] ; Input  ; Info     ; Stuck at VCC           ;
; slv_f_st_n[4..2] ; Input  ; Info     ; Stuck at VCC           ;
; mst_f_st_n[8..6] ; Input  ; Info     ; Stuck at VCC           ;
; mst_f_st_n[4..2] ; Input  ; Info     ; Stuck at VCC           ;
; t_ep_num         ; Output ; Info     ; Explicitly unconnected ;
+------------------+--------+----------+------------------------+


+-----------------------------------------------------------------------------------------------------------------------------------------------------------------------------+
; Port Connectivity Checks: "fifo_mst_dpath:i_fifo_mst_dpath"                                                                                                                 ;
+-----------+-------+----------+----------------------------------------------------------------------------------------------------------------------------------------------+
; Port      ; Type  ; Severity ; Details                                                                                                                                      ;
+-----------+-------+----------+----------------------------------------------------------------------------------------------------------------------------------------------+
; snd_cmd   ; Input ; Info     ; Stuck at GND                                                                                                                                 ;
; bus_cmd   ; Input ; Info     ; Stuck at GND                                                                                                                                 ;
; ep_num    ; Input ; Info     ; Stuck at GND                                                                                                                                 ;
; latch_clk ; Input ; Warning  ; Declared by entity but not connected by instance. If a default value exists, it will be used.  Otherwise, the port will be connected to GND. ;
+-----------+-------+----------+----------------------------------------------------------------------------------------------------------------------------------------------+


+-------------------------------+
; Elapsed Time Per Partition    ;
+----------------+--------------+
; Partition Name ; Elapsed Time ;
+----------------+--------------+
; Top            ; 00:00:00     ;
+----------------+--------------+


+-------------------------------+
; Analysis & Synthesis Messages ;
+-------------------------------+
Info: *******************************************************************
Info: Running Quartus II 64-Bit Analysis & Synthesis
    Info: Version 13.0.0 Build 156 04/24/2013 SJ Full Version
    Info: Processing started: Tue Jul 14 13:50:32 2015
Info: Command: quartus_map --read_settings_files=on --write_settings_files=off AL_MC245 -c fifo_mst_top
Info (11104): Parallel Compilation has detected 8 hyper-threaded processors. However, the extra hyper-threaded processors will not be used by default. Parallel Compilation will use 4 of the 4 physical processors detected instead.
Info (12021): Found 0 design units, including 0 entities, in source file define_conf.v
Info (12021): Found 1 design units, including 1 entities, in source file /svn/ft600/project/trunk/fifo_masters/altera_eval_board/mc245/rtl/timer_cntr.v
    Info (12023): Found entity 1: timer_cntr
Info (12021): Found 2 design units, including 2 entities, in source file /svn/ft600/project/trunk/fifo_masters/altera_eval_board/mc245/rtl/mem_sp_xkx32.al.v
    Info (12023): Found entity 1: C5_SP_4Kx32
    Info (12023): Found entity 2: MEM_SP_xKx32
Info (12021): Found 1 design units, including 1 entities, in source file /svn/ft600/project/trunk/fifo_masters/altera_eval_board/mc245/rtl/fifo_mst_ram.v
    Info (12023): Found entity 1: fifo_mst_ram
Info (12021): Found 1 design units, including 1 entities, in source file /svn/ft600/project/trunk/fifo_masters/altera_eval_board/mc245/rtl/fifo_mst_io.v
    Info (12023): Found entity 1: fifo_mst_io
Info (12021): Found 1 design units, including 1 entities, in source file /svn/ft600/project/trunk/fifo_masters/altera_eval_board/mc245/rtl/fifo_mst_fsm.m245.v
    Info (12023): Found entity 1: fifo_mst_fsm
Info (12021): Found 1 design units, including 1 entities, in source file /svn/ft600/project/trunk/fifo_masters/altera_eval_board/mc245/rtl/fifo_mst_dpath.v
    Info (12023): Found entity 1: fifo_mst_dpath
Info (12021): Found 1 design units, including 1 entities, in source file /svn/ft600/project/trunk/fifo_masters/altera_eval_board/mc245/rtl/fifo_mst_arb.v
    Info (12023): Found entity 1: fifo_mst_arb
Info (12021): Found 1 design units, including 1 entities, in source file /svn/ft600/project/trunk/fifo_masters/altera_eval_board/mc245/rtl/fifo_ep_mst.v
    Info (12023): Found entity 1: fifo_ep_mst
Info (12021): Found 1 design units, including 1 entities, in source file /svn/ft600/project/trunk/fifo_masters/altera_eval_board/mc245/rtl/fifo_mst_top.m245.v
    Info (12023): Found entity 1: fifo_mst_top
Warning (10236): Verilog HDL Implicit Net warning at fifo_mst_top.M245.v(106): created implicit net for "i_mode"
Info (12127): Elaborating entity "fifo_mst_top" for the top level hierarchy
Info (12128): Elaborating entity "fifo_mst_dpath" for hierarchy "fifo_mst_dpath:i_fifo_mst_dpath"
Warning (10240): Verilog HDL Always Construct warning at fifo_mst_dpath.v(70): inferring latch(es) for variable "rx_data", which holds its previous value in one or more paths through the always construct
Warning (10240): Verilog HDL Always Construct warning at fifo_mst_dpath.v(74): inferring latch(es) for variable "rx_be", which holds its previous value in one or more paths through the always construct
Warning (10240): Verilog HDL Always Construct warning at fifo_mst_dpath.v(78): inferring latch(es) for variable "rx_rxf_n", which holds its previous value in one or more paths through the always construct
Warning (10240): Verilog HDL Always Construct warning at fifo_mst_dpath.v(82): inferring latch(es) for variable "rx_txe_n", which holds its previous value in one or more paths through the always construct
Info (10041): Inferred latch for "rx_txe_n" at fifo_mst_dpath.v(82)
Info (10041): Inferred latch for "rx_rxf_n" at fifo_mst_dpath.v(78)
Info (10041): Inferred latch for "rx_be[0]" at fifo_mst_dpath.v(74)
Info (10041): Inferred latch for "rx_be[1]" at fifo_mst_dpath.v(74)
Info (10041): Inferred latch for "rx_be[2]" at fifo_mst_dpath.v(74)
Info (10041): Inferred latch for "rx_be[3]" at fifo_mst_dpath.v(74)
Info (10041): Inferred latch for "rx_data[0]" at fifo_mst_dpath.v(70)
Info (10041): Inferred latch for "rx_data[1]" at fifo_mst_dpath.v(70)
Info (10041): Inferred latch for "rx_data[2]" at fifo_mst_dpath.v(70)
Info (10041): Inferred latch for "rx_data[3]" at fifo_mst_dpath.v(70)
Info (10041): Inferred latch for "rx_data[4]" at fifo_mst_dpath.v(70)
Info (10041): Inferred latch for "rx_data[5]" at fifo_mst_dpath.v(70)
Info (10041): Inferred latch for "rx_data[6]" at fifo_mst_dpath.v(70)
Info (10041): Inferred latch for "rx_data[7]" at fifo_mst_dpath.v(70)
Info (10041): Inferred latch for "rx_data[8]" at fifo_mst_dpath.v(70)
Info (10041): Inferred latch for "rx_data[9]" at fifo_mst_dpath.v(70)
Info (10041): Inferred latch for "rx_data[10]" at fifo_mst_dpath.v(70)
Info (10041): Inferred latch for "rx_data[11]" at fifo_mst_dpath.v(70)
Info (10041): Inferred latch for "rx_data[12]" at fifo_mst_dpath.v(70)
Info (10041): Inferred latch for "rx_data[13]" at fifo_mst_dpath.v(70)
Info (10041): Inferred latch for "rx_data[14]" at fifo_mst_dpath.v(70)
Info (10041): Inferred latch for "rx_data[15]" at fifo_mst_dpath.v(70)
Info (10041): Inferred latch for "rx_data[16]" at fifo_mst_dpath.v(70)
Info (10041): Inferred latch for "rx_data[17]" at fifo_mst_dpath.v(70)
Info (10041): Inferred latch for "rx_data[18]" at fifo_mst_dpath.v(70)
Info (10041): Inferred latch for "rx_data[19]" at fifo_mst_dpath.v(70)
Info (10041): Inferred latch for "rx_data[20]" at fifo_mst_dpath.v(70)
Info (10041): Inferred latch for "rx_data[21]" at fifo_mst_dpath.v(70)
Info (10041): Inferred latch for "rx_data[22]" at fifo_mst_dpath.v(70)
Info (10041): Inferred latch for "rx_data[23]" at fifo_mst_dpath.v(70)
Info (10041): Inferred latch for "rx_data[24]" at fifo_mst_dpath.v(70)
Info (10041): Inferred latch for "rx_data[25]" at fifo_mst_dpath.v(70)
Info (10041): Inferred latch for "rx_data[26]" at fifo_mst_dpath.v(70)
Info (10041): Inferred latch for "rx_data[27]" at fifo_mst_dpath.v(70)
Info (10041): Inferred latch for "rx_data[28]" at fifo_mst_dpath.v(70)
Info (10041): Inferred latch for "rx_data[29]" at fifo_mst_dpath.v(70)
Info (10041): Inferred latch for "rx_data[30]" at fifo_mst_dpath.v(70)
Info (10041): Inferred latch for "rx_data[31]" at fifo_mst_dpath.v(70)
Info (12128): Elaborating entity "fifo_mst_arb" for hierarchy "fifo_mst_arb:i_fifo_mst_arb"
Info (12128): Elaborating entity "fifo_mst_fsm" for hierarchy "fifo_mst_fsm:i_fifo_mst_fsm"
Info (12128): Elaborating entity "fifo_mst_ram" for hierarchy "fifo_mst_ram:i_fifo_mst_ram"
Info (12128): Elaborating entity "MEM_SP_xKx32" for hierarchy "fifo_mst_ram:i_fifo_mst_ram|MEM_SP_xKx32:i_MEM_SP_xKx32"
Info (12128): Elaborating entity "C5_SP_4Kx32" for hierarchy "fifo_mst_ram:i_fifo_mst_ram|MEM_SP_xKx32:i_MEM_SP_xKx32|C5_SP_4Kx32:i_C5_SP_4Kx32"
Info (12128): Elaborating entity "altsyncram" for hierarchy "fifo_mst_ram:i_fifo_mst_ram|MEM_SP_xKx32:i_MEM_SP_xKx32|C5_SP_4Kx32:i_C5_SP_4Kx32|altsyncram:altsyncram_component"
Info (12130): Elaborated megafunction instantiation "fifo_mst_ram:i_fifo_mst_ram|MEM_SP_xKx32:i_MEM_SP_xKx32|C5_SP_4Kx32:i_C5_SP_4Kx32|altsyncram:altsyncram_component"
Info (12133): Instantiated megafunction "fifo_mst_ram:i_fifo_mst_ram|MEM_SP_xKx32:i_MEM_SP_xKx32|C5_SP_4Kx32:i_C5_SP_4Kx32|altsyncram:altsyncram_component" with the following parameter:
    Info (12134): Parameter "byte_size" = "8"
    Info (12134): Parameter "clock_enable_input_a" = "BYPASS"
    Info (12134): Parameter "clock_enable_output_a" = "BYPASS"
    Info (12134): Parameter "intended_device_family" = "Cyclone V"
    Info (12134): Parameter "lpm_hint" = "ENABLE_RUNTIME_MOD=NO"
    Info (12134): Parameter "lpm_type" = "altsyncram"
    Info (12134): Parameter "numwords_a" = "4096"
    Info (12134): Parameter "operation_mode" = "SINGLE_PORT"
    Info (12134): Parameter "outdata_aclr_a" = "NONE"
    Info (12134): Parameter "outdata_reg_a" = "UNREGISTERED"
    Info (12134): Parameter "power_up_uninitialized" = "FALSE"
    Info (12134): Parameter "read_during_write_mode_port_a" = "DONT_CARE"
    Info (12134): Parameter "widthad_a" = "12"
    Info (12134): Parameter "width_a" = "32"
    Info (12134): Parameter "width_byteena_a" = "4"
Info (12021): Found 1 design units, including 1 entities, in source file db/altsyncram_tun1.tdf
    Info (12023): Found entity 1: altsyncram_tun1
Info (12128): Elaborating entity "altsyncram_tun1" for hierarchy "fifo_mst_ram:i_fifo_mst_ram|MEM_SP_xKx32:i_MEM_SP_xKx32|C5_SP_4Kx32:i_C5_SP_4Kx32|altsyncram:altsyncram_component|altsyncram_tun1:auto_generated"
Info (12128): Elaborating entity "fifo_ep_mst" for hierarchy "fifo_ep_mst:i_fifo_ep_mst_1"
Warning (10230): Verilog HDL assignment warning at fifo_ep_mst.v(26): truncated value with size 32 to match size of target (12)
Info (12128): Elaborating entity "fifo_mst_io" for hierarchy "fifo_mst_io:i_fifo_mst_io"
Info (12128): Elaborating entity "timer_cntr" for hierarchy "timer_cntr:i_startup_timer"
Warning (14026): LATCH primitive "fifo_mst_dpath:i_fifo_mst_dpath|rx_rxf_n" is permanently enabled
Warning (14026): LATCH primitive "fifo_mst_dpath:i_fifo_mst_dpath|rx_be[0]" is permanently enabled
Warning (14026): LATCH primitive "fifo_mst_dpath:i_fifo_mst_dpath|rx_be[1]" is permanently enabled
Warning (14026): LATCH primitive "fifo_mst_dpath:i_fifo_mst_dpath|rx_be[2]" is permanently enabled
Warning (14026): LATCH primitive "fifo_mst_dpath:i_fifo_mst_dpath|rx_be[3]" is permanently enabled
Warning (14026): LATCH primitive "fifo_mst_dpath:i_fifo_mst_dpath|rx_data[0]" is permanently enabled
Warning (14026): LATCH primitive "fifo_mst_dpath:i_fifo_mst_dpath|rx_data[1]" is permanently enabled
Warning (14026): LATCH primitive "fifo_mst_dpath:i_fifo_mst_dpath|rx_data[2]" is permanently enabled
Warning (14026): LATCH primitive "fifo_mst_dpath:i_fifo_mst_dpath|rx_data[3]" is permanently enabled
Warning (14026): LATCH primitive "fifo_mst_dpath:i_fifo_mst_dpath|rx_data[4]" is permanently enabled
Warning (14026): LATCH primitive "fifo_mst_dpath:i_fifo_mst_dpath|rx_data[5]" is permanently enabled
Warning (14026): LATCH primitive "fifo_mst_dpath:i_fifo_mst_dpath|rx_data[6]" is permanently enabled
Warning (14026): LATCH primitive "fifo_mst_dpath:i_fifo_mst_dpath|rx_data[7]" is permanently enabled
Warning (14026): LATCH primitive "fifo_mst_dpath:i_fifo_mst_dpath|rx_data[8]" is permanently enabled
Warning (14026): LATCH primitive "fifo_mst_dpath:i_fifo_mst_dpath|rx_data[9]" is permanently enabled
Warning (14026): LATCH primitive "fifo_mst_dpath:i_fifo_mst_dpath|rx_data[10]" is permanently enabled
Warning (14026): LATCH primitive "fifo_mst_dpath:i_fifo_mst_dpath|rx_data[11]" is permanently enabled
Warning (14026): LATCH primitive "fifo_mst_dpath:i_fifo_mst_dpath|rx_data[12]" is permanently enabled
Warning (14026): LATCH primitive "fifo_mst_dpath:i_fifo_mst_dpath|rx_data[13]" is permanently enabled
Warning (14026): LATCH primitive "fifo_mst_dpath:i_fifo_mst_dpath|rx_data[14]" is permanently enabled
Warning (14026): LATCH primitive "fifo_mst_dpath:i_fifo_mst_dpath|rx_data[15]" is permanently enabled
Warning (14026): LATCH primitive "fifo_mst_dpath:i_fifo_mst_dpath|rx_data[16]" is permanently enabled
Warning (14026): LATCH primitive "fifo_mst_dpath:i_fifo_mst_dpath|rx_data[17]" is permanently enabled
Warning (14026): LATCH primitive "fifo_mst_dpath:i_fifo_mst_dpath|rx_data[18]" is permanently enabled
Warning (14026): LATCH primitive "fifo_mst_dpath:i_fifo_mst_dpath|rx_data[19]" is permanently enabled
Warning (14026): LATCH primitive "fifo_mst_dpath:i_fifo_mst_dpath|rx_data[20]" is permanently enabled
Warning (14026): LATCH primitive "fifo_mst_dpath:i_fifo_mst_dpath|rx_data[21]" is permanently enabled
Warning (14026): LATCH primitive "fifo_mst_dpath:i_fifo_mst_dpath|rx_data[22]" is permanently enabled
Warning (14026): LATCH primitive "fifo_mst_dpath:i_fifo_mst_dpath|rx_data[23]" is permanently enabled
Warning (14026): LATCH primitive "fifo_mst_dpath:i_fifo_mst_dpath|rx_data[24]" is permanently enabled
Warning (14026): LATCH primitive "fifo_mst_dpath:i_fifo_mst_dpath|rx_data[25]" is permanently enabled
Warning (14026): LATCH primitive "fifo_mst_dpath:i_fifo_mst_dpath|rx_data[26]" is permanently enabled
Warning (14026): LATCH primitive "fifo_mst_dpath:i_fifo_mst_dpath|rx_data[27]" is permanently enabled
Warning (14026): LATCH primitive "fifo_mst_dpath:i_fifo_mst_dpath|rx_data[28]" is permanently enabled
Warning (14026): LATCH primitive "fifo_mst_dpath:i_fifo_mst_dpath|rx_data[29]" is permanently enabled
Warning (14026): LATCH primitive "fifo_mst_dpath:i_fifo_mst_dpath|rx_data[30]" is permanently enabled
Warning (14026): LATCH primitive "fifo_mst_dpath:i_fifo_mst_dpath|rx_data[31]" is permanently enabled
Warning (14026): LATCH primitive "fifo_mst_dpath:i_fifo_mst_dpath|rx_txe_n" is permanently enabled
Warning (12241): 1 hierarchies have connectivity warnings - see the Connectivity Checks report folder
Warning (13024): Output pins are stuck at VCC or GND
    Warning (13410): Pin "SIWU_N" is stuck at VCC
Info (286030): Timing-Driven Synthesis is running
Info (144001): Generated suppressed messages file C:/SVN/FT600/Project/trunk/fifo_masters/Altera_eval_board/MC245/AL_MC245/fifo_mst_top.map.smsg
Info (16010): Generating hard_block partition "hard_block:auto_generated_inst"
    Info (16011): Adding 0 node(s), including 0 DDIO, 0 PLL, 0 transceiver and 0 LCELL
Info (21057): Implemented 294 device resources after synthesis - the final resource count might be different
    Info (21058): Implemented 4 input pins
    Info (21059): Implemented 6 output pins
    Info (21060): Implemented 36 bidirectional pins
    Info (21061): Implemented 216 logic cells
    Info (21064): Implemented 32 RAM segments
Info: Quartus II 64-Bit Analysis & Synthesis was successful. 0 errors, 47 warnings
    Info: Peak virtual memory: 521 megabytes
    Info: Processing ended: Tue Jul 14 13:50:34 2015
    Info: Elapsed time: 00:00:02
    Info: Total CPU time (on all processors): 00:00:02


+------------------------------------------+
; Analysis & Synthesis Suppressed Messages ;
+------------------------------------------+
The suppressed messages can be found in C:/SVN/FT600/Project/trunk/fifo_masters/Altera_eval_board/MC245/AL_MC245/fifo_mst_top.map.smsg.


